<?xml version="1.0" encoding="UTF-8"?>
<!-- Generated by org.testng.reporters.JUnitReportReporter -->
<testsuite skipped="0" hostname="EG5CD9208G2L" name="Tests.ProceedToCheckOutTest" tests="1" failures="0" timestamp="18 Apr 2020 14:59:22 GMT" time="12.116" errors="0">
  <testcase name="authenticateUser" time="12.116" classname="Tests.ProceedToCheckOutTest"/>
</testsuite> <!-- Tests.ProceedToCheckOutTest -->
